========================================
PlayHive Games 自动更新
执行时间: 2026-06-01 12:00:02
========================================

步骤 1/3: 拉取游戏数据
----------------------------------------
============================================================
PlayHive Games 数据更新脚本
============================================================
执行时间: 2026-06-01 12:00:06

现有游戏数: 2034
开始拉取游戏数据...
拉取第 0 - 50 个游戏...
Error fetching batch at offset 0: HTTPSConnectionPool(host='tubhai.com', port=443): Max retries exceeded with url: /includes/fetch.php (Caused by NewConnectionError('<urllib3.connection.HTTPSConnection object at 0x7ff27e12d0d0>: Failed to establish a new connection: [Errno -3] Temporary failure in name resolution'))
没有更多游戏数据
共拉取 0 个游戏
警告: 未拉取到任何游戏数据

步骤 2/3: 优化关键词
----------------------------------------
============================================================
游戏关键词优化脚本
============================================================
加载 2034 个游戏
已保存关键词到 /home/zlh/playhivegames/data/game-keywords.json
已保存 SEO 标签到 /home/zlh/playhivegames/data/game-seo-tags.json
已导出 CSV 到 /home/zlh/playhivegames/data/game-keywords.csv

============================================================
关键词优化统计:
  总游戏数: 2034
  总关键词数: 63428
  每游戏平均关键词: 31.2

示例（前3个游戏）:

  Deadly Descent 3D:
    分类: 3d, adventure, arcade, racing
    关键词数: 44
    示例: 3D browser games, 3D games, 3D online games, adventure games, arcade games

  RealDrive - Feel the real drive:
    分类: driving, desktop
    关键词数: 31
    示例: car simulator, cool math games realdrive - feel the real drive, crazy games realdrive - feel the real drive, driving games, how to play realdrive - feel the real drive

  CrowdGate:
    分类: 3d, adventure, arcade, boys
    关键词数: 43
    示例: 3D browser games, 3D games, 3D online games, adventure games, arcade games

============================================================
关键词优化完成!

步骤 3/3: 检查分类标签
----------------------------------------
============================================================
分类标签检查脚本
============================================================
执行时间: 2026-06-01 12:00:08

现有游戏数: 2034

当前分类统计:
  ✓ desktop: 956 个游戏
  ✓ action: 340 个游戏
  ✓ logic: 312 个游戏
  ✓ puzzle: 251 个游戏
  ✓ hypercasual: 227 个游戏
  ✓ arcade: 151 个游戏
  ✓ driving: 149 个游戏
  ✓ girls: 102 个游戏
  ✓ 3d: 96 个游戏
  ✓ adventure: 91 个游戏
  ✓ shooting: 76 个游戏
  ✓ multiplayer: 69 个游戏
  ✓ racing: 68 个游戏
  ✓ sports: 51 个游戏
  ✓ strategy: 47 个游戏
  ✓ clicker: 44 个游戏
  ✓ fighting: 13 个游戏
  ✓ boys: 9 个游戏
  ⚠️ stunt: 3 个游戏
  ⚠️ bubble-shooter: 3 个游戏
  ⚠️ html5: 3 个游戏

⚠️ 空分类 (1):
  - archery

⚠️ 游戏数较少的分类 (3):
  - bubble-shooter: 3 个游戏
  - html5: 3 个游戏
  - stunt: 3 个游戏

开始补充缺失分类的游戏...

拉取 archery 分类的游戏...
Error fetching: HTTPSConnectionPool(host='tubhai.com', port=443): Max retries exceeded with url: /includes/fetch.php (Caused by NewConnectionError('<urllib3.connection.HTTPSConnection object at 0x7fa802be9790>: Failed to establish a new connection: [Errno -3] Temporary failure in name resolution'))

拉取 bubble-shooter 分类的游戏...
Error fetching: HTTPSConnectionPool(host='tubhai.com', port=443): Max retries exceeded with url: /includes/fetch.php (Caused by NewConnectionError('<urllib3.connection.HTTPSConnection object at 0x7fa802be9670>: Failed to establish a new connection: [Errno -3] Temporary failure in name resolution'))

拉取 html5 分类的游戏...
Error fetching: HTTPSConnectionPool(host='tubhai.com', port=443): Max retries exceeded with url: /includes/fetch.php (Caused by NewConnectionError('<urllib3.connection.HTTPSConnection object at 0x7fa802be9730>: Failed to establish a new connection: [Errno -3] Temporary failure in name resolution'))

拉取 stunt 分类的游戏...
Error fetching: HTTPSConnectionPool(host='tubhai.com', port=443): Max retries exceeded with url: /includes/fetch.php (Caused by NewConnectionError('<urllib3.connection.HTTPSConnection object at 0x7fa802be9910>: Failed to establish a new connection: [Errno -3] Temporary failure in name resolution'))

共新增 0 个游戏

已保存 2034 个游戏

============================================================
最终分类统计:
  ✓ 3D: 96
  ✓ Action: 340
  ✓ Adventure: 91
  ✓ Arcade: 151
  ❌ Archery: 0
  ✓ Boys: 9
  ⚠️ Bubble Shooter: 3
  ✓ Clicker: 44
  ✓ Desktop: 956
  ✓ Driving: 149
  ✓ Fighting: 13
  ✓ Girls: 102
  ⚠️ HTML5: 3
  ✓ Hypercasual: 227
  ✓ Logic: 312
  ✓ Multiplayer: 69
  ✓ Puzzle: 251
  ✓ Racing: 68
  ✓ Shooting: 76
  ✓ Sports: 51
  ✓ Strategy: 47
  ⚠️ Stunt: 3

============================================================
分类检查完成!

步骤 4: 生成 Sitemap
----------------------------------------
Generating sitemap for 2034 games...
Main sitemap generated with 29 URLs
Saved to: /home/zlh/playhivegames/public/sitemap.xml
Generated sitemap-games-1.xml with 1000 games
Generated sitemap-games-2.xml with 1000 games
Generated sitemap-games-3.xml with 34 games

Generated sitemap index: /home/zlh/playhivegames/public/sitemap-index.xml
Sitemap index contains 3 chunk sitemaps

步骤 5: 构建项目
----------------------------------------

> playhivegames@1.0.0 build
> next build

  ▲ Next.js 14.2.35

   Creating an optimized production build ...
 ✓ Compiled successfully
   Linting and checking validity of types ...
   Collecting page data ...
   Generating static pages (0/34) ...
   Generating static pages (8/34) 
   Generating static pages (16/34) 
   Generating static pages (25/34) 
 ✓ Generating static pages (34/34)
   Finalizing page optimization ...
   Collecting build traces ...

Route (app)                              Size     First Load JS
┌ ○ /                                    3.12 kB         574 kB
├ ○ /_not-found                          873 B          88.2 kB
├ ○ /about                               1.57 kB        97.7 kB
├ ○ /category                            1.08 kB         572 kB
├ ● /category/[slug]                     2.44 kB        98.5 kB
├   ├ /category/3d
├   ├ /category/action
├   ├ /category/adventure
├   └ [+19 more paths]
├ ○ /contact                             1.57 kB        97.7 kB
├ ○ /cookie-policy                       1.57 kB        97.7 kB
├ ○ /disclaimer                          1.57 kB        97.7 kB
├ ○ /game                                4 kB            575 kB
├ ○ /privacy                             1.57 kB        97.7 kB
└ ○ /terms                               1.57 kB        97.7 kB
+ First Load JS shared by all            87.4 kB
  ├ chunks/117-b25838a9c5b96a27.js       31.8 kB
  ├ chunks/fd9d1056-42a1c2df9c4a85a8.js  53.6 kB
  └ other shared chunks (total)          1.89 kB


○  (Static)  prerendered as static content
●  (SSG)     prerendered as static HTML (uses getStaticProps)


步骤 6: 部署到 Cloudflare Pages
----------------------------------------
/home/zlh/playhivegames/scripts/update-all.sh: 行 55: wrangler：未找到命令

========================================
更新完成!
完成时间: 2026-06-01 12:01:33
日志文件: /home/zlh/playhivegames/logs/update-20260601-120002.log
========================================
