========================================
PlayHive Games 自动更新
执行时间: 2026-06-09 18:23:13
========================================

步骤 1/4: 拉取游戏数据
----------------------------------------
============================================================
PlayHive Games 数据更新脚本
============================================================
执行时间: 2026-06-09 18:23:14

现有游戏数: 2042
开始拉取游戏数据...
拉取第 0 - 50 个游戏...
拉取第 50 - 100 个游戏...
拉取第 100 - 150 个游戏...
拉取第 150 - 200 个游戏...
拉取第 200 - 250 个游戏...
拉取第 250 - 300 个游戏...
拉取第 300 - 350 个游戏...
拉取第 350 - 400 个游戏...
拉取第 400 - 450 个游戏...
拉取第 450 - 500 个游戏...
拉取第 500 - 550 个游戏...
拉取第 550 - 600 个游戏...
拉取第 600 - 650 个游戏...
拉取第 650 - 700 个游戏...
拉取第 700 - 750 个游戏...
拉取第 750 - 800 个游戏...
拉取第 800 - 850 个游戏...
拉取第 850 - 900 个游戏...
拉取第 900 - 950 个游戏...
拉取第 950 - 1000 个游戏...
拉取第 1000 - 1050 个游戏...
拉取第 1050 - 1100 个游戏...
拉取第 1100 - 1150 个游戏...
拉取第 1150 - 1200 个游戏...
拉取第 1200 - 1250 个游戏...
拉取第 1250 - 1300 个游戏...
拉取第 1300 - 1350 个游戏...
拉取第 1350 - 1400 个游戏...
拉取第 1400 - 1450 个游戏...
拉取第 1450 - 1500 个游戏...
拉取第 1500 - 1550 个游戏...
拉取第 1550 - 1600 个游戏...
拉取第 1600 - 1650 个游戏...
拉取第 1650 - 1700 个游戏...
拉取第 1700 - 1750 个游戏...
拉取第 1750 - 1800 个游戏...
拉取第 1800 - 1850 个游戏...
拉取第 1850 - 1900 个游戏...
拉取第 1900 - 1950 个游戏...
拉取第 1950 - 2000 个游戏...
拉取第 2000 - 2050 个游戏...
拉取第 2050 - 2100 个游戏...
共拉取 2066 个游戏
合并后游戏数: 2066

替换 playhop.com 链接为 playgama.com...
发现 32 个 playhop.com 游戏
从 API 拉取最新数据...
开始拉取游戏数据...
拉取第 0 - 50 个游戏...
拉取第 50 - 100 个游戏...
拉取第 100 - 150 个游戏...
拉取第 150 - 200 个游戏...
拉取第 200 - 250 个游戏...
拉取第 250 - 300 个游戏...
拉取第 300 - 350 个游戏...
拉取第 350 - 400 个游戏...
拉取第 400 - 450 个游戏...
拉取第 450 - 500 个游戏...
拉取第 500 - 550 个游戏...
拉取第 550 - 600 个游戏...
拉取第 600 - 650 个游戏...
拉取第 650 - 700 个游戏...
拉取第 700 - 750 个游戏...
拉取第 750 - 800 个游戏...
拉取第 800 - 850 个游戏...
拉取第 850 - 900 个游戏...
拉取第 900 - 950 个游戏...
拉取第 950 - 1000 个游戏...
拉取第 1000 - 1050 个游戏...
拉取第 1050 - 1100 个游戏...
拉取第 1100 - 1150 个游戏...
拉取第 1150 - 1200 个游戏...
拉取第 1200 - 1250 个游戏...
拉取第 1250 - 1300 个游戏...
拉取第 1300 - 1350 个游戏...
拉取第 1350 - 1400 个游戏...
拉取第 1400 - 1450 个游戏...
拉取第 1450 - 1500 个游戏...
拉取第 1500 - 1550 个游戏...
拉取第 1550 - 1600 个游戏...
拉取第 1600 - 1650 个游戏...
拉取第 1650 - 1700 个游戏...
拉取第 1700 - 1750 个游戏...
拉取第 1750 - 1800 个游戏...
拉取第 1800 - 1850 个游戏...
拉取第 1850 - 1900 个游戏...
拉取第 1900 - 1950 个游戏...
拉取第 1950 - 2000 个游戏...
拉取第 2000 - 2050 个游戏...
拉取第 2050 - 2100 个游戏...
共拉取 2066 个游戏
从 API 获取到 29 个 playgama.com 链接
  ✗ 删除: Nut Sort Game (无替代链接)
  ✗ 删除: Bubble Story: 3D Shooter (无替代链接)
  ✗ 删除: 3D Subway Run Skate Hooligans (无替代链接)
  ✗ 删除: Bridge Builder 3D (无替代链接)
  ✗ 删除: Driver Theft Auto  3D (无替代链接)
  ✗ 删除: Hoby Tales (无替代链接)
  ✗ 删除: NSR Street Racing 3D (无替代链接)
  ✗ 删除: Draw Bridge: Brain Game 3D (无替代链接)
  ✗ 删除: Build a plane and fly 3D (无替代链接)
  ✗ 删除: Spider Hook 3D (无替代链接)
  ✗ 删除: Wild Hunt: Find Animals 3D (无替代链接)
  ✗ 删除: Police Man 3D (无替代链接)
  ✗ 删除: Archer Ragdoll Masters 3D (无替代链接)
  ✗ 删除: Ninja: Dark Force 3D (无替代链接)
  ✗ 删除: Fortzone Battle Royale (无替代链接)
  ✗ 删除: 3D Archers Random  (无替代链接)
  ✗ 删除: Words of Wonders: Crossword Words from Letters (无替代链接)
  ✗ 删除: Bubble Fall (无替代链接)
  ✗ 删除:  Two Ball 3D: Dark (无替代链接)
  ✗ 删除: Archers' Arena! (无替代链接)
  ✗ 删除: Pool Club: 8 Ball Billiards (无替代链接)
  ✗ 删除: Obby but You're on a Bike (无替代链接)
  ✗ 删除: Cool Cars Highway (无替代链接)
  ✗ 删除: Hazmob FPS (无替代链接)
  ✗ 删除: Mini Bike Stunt Race (无替代链接)
  ✗ 删除: Hill Climb Racing 2 (无替代链接)
  ✗ 删除: Bubble Shooter: Standart (无替代链接)
  ✗ 删除: Bubble Tower (无替代链接)
  ✗ 删除: The Mystery of Jewels: Adventure - Match 3 (无替代链接)
  ✗ 删除: Deadly Descent (无替代链接)
  ✗ 删除: Driving in the Stream 3D (无替代链接)
  ✗ 删除: Rope Puzzle Save Us! (无替代链接)

结果: 替换 0 个, 删除 32 个
替换后游戏数: 2034

检查游戏可访问性 (共 2034 个)...
  已检查 100/2034 个游戏...
  已检查 200/2034 个游戏...
  已检查 300/2034 个游戏...
  已检查 400/2034 个游戏...
  已检查 500/2034 个游戏...
  已检查 600/2034 个游戏...
  已检查 700/2034 个游戏...
  已检查 800/2034 个游戏...
  已检查 900/2034 个游戏...
  已检查 1000/2034 个游戏...
  已检查 1100/2034 个游戏...
  已检查 1200/2034 个游戏...
  已检查 1300/2034 个游戏...
  已检查 1400/2034 个游戏...
  已检查 1500/2034 个游戏...
  已检查 1600/2034 个游戏...
  已检查 1700/2034 个游戏...
  已检查 1800/2034 个游戏...
  已检查 1900/2034 个游戏...
  已检查 2000/2034 个游戏...

可访问性检查结果:
  ✓ 可访问: 2034 个游戏
  ✗ 不可访问: 0 个游戏
过滤后游戏数: 2034
分类数: 22
已保存 2034 个游戏到 /home/zlh/playhivegames/data/games.json

============================================================
更新完成统计:
  新增游戏: 24
  总游戏数: 2034
  分类数: 22

链接来源统计:
  playgama.com: 29
  playhop.com: 0
  其他: 2005

分类统计:
  3D: 96
  Action: 340
  Adventure: 91
  Arcade: 151
  Boys: 9
  Bubble Shooter: 3
  Clicker: 44
  Desktop: 956
  Driving: 149
  Fighting: 13
  Girls: 102
  HTML5: 3
  Hypercasual: 227
  Logic: 312
  Multiplayer: 69
  Puzzle: 251
  Racing: 68
  Shooting: 76
  Sports: 51
  Strategy: 47
  Stunt: 3

============================================================
脚本执行完成!

步骤 2/4: 检查分类标签
----------------------------------------
============================================================
分类标签检查脚本
============================================================
执行时间: 2026-06-09 18:25:01

现有游戏数: 2034

当前分类统计:
  ✓ desktop: 956 个游戏
  ✓ action: 340 个游戏
  ✓ logic: 312 个游戏
  ✓ puzzle: 251 个游戏
  ✓ hypercasual: 227 个游戏
  ✓ arcade: 151 个游戏
  ✓ driving: 149 个游戏
  ✓ girls: 102 个游戏
  ✓ 3d: 96 个游戏
  ✓ adventure: 91 个游戏
  ✓ shooting: 76 个游戏
  ✓ multiplayer: 69 个游戏
  ✓ racing: 68 个游戏
  ✓ sports: 51 个游戏
  ✓ strategy: 47 个游戏
  ✓ clicker: 44 个游戏
  ✓ fighting: 13 个游戏
  ✓ boys: 9 个游戏
  ⚠️ stunt: 3 个游戏
  ⚠️ bubble-shooter: 3 个游戏
  ⚠️ html5: 3 个游戏

⚠️ 空分类 (1):
  - archery

⚠️ 游戏数较少的分类 (3):
  - bubble-shooter: 3 个游戏
  - html5: 3 个游戏
  - stunt: 3 个游戏

开始补充缺失分类的游戏...

拉取 archery 分类的游戏...
  新增: Archer Ragdoll Masters 3D
  新增: 3D Archers Random 
  新增: Archers' Arena!

拉取 bubble-shooter 分类的游戏...
  新增: Bubble Story: 3D Shooter
  新增: Bubble Fall
  新增: Bubble Shooter: Standart
  新增: Bubble Tower

拉取 html5 分类的游戏...

拉取 stunt 分类的游戏...
  新增: Mini Bike Stunt Race

共新增 8 个游戏

已保存 2042 个游戏

============================================================
最终分类统计:
  ✓ 3D: 97
  ✓ Action: 340
  ✓ Adventure: 91
  ✓ Arcade: 151
  ⚠️ Archery: 3
  ✓ Boys: 9
  ✓ Bubble Shooter: 7
  ✓ Clicker: 44
  ✓ Desktop: 956
  ✓ Driving: 149
  ✓ Fighting: 13
  ✓ Girls: 102
  ⚠️ HTML5: 3
  ✓ Hypercasual: 227
  ✓ Logic: 312
  ✓ Multiplayer: 69
  ✓ Puzzle: 251
  ✓ Racing: 68
  ✓ Shooting: 76
  ✓ Sports: 51
  ✓ Strategy: 47
  ⚠️ Stunt: 4

============================================================
分类检查完成!

步骤 3/4: 生成 Sitemap
----------------------------------------
Generating sitemap for 2042 games...
Main sitemap generated with 31 URLs
Saved to: /home/zlh/playhivegames/public/sitemap.xml
Generated sitemap-games-1.xml with 1000 games (hot games first)
Generated sitemap-games-2.xml with 1000 games (hot games first)
Generated sitemap-games-3.xml with 42 games (hot games first)

Generated sitemap index: /home/zlh/playhivegames/public/sitemap-index.xml
Sitemap index contains 3 chunk sitemaps

Hot games (views > 1000): 144
Top 10 games by views:
  1. Deadly Descent 3D: 153584 views
  2. RealDrive - Feel the real drive: 121500 views
  3. CrowdGate: 72120 views
  4. Bike Stunt Racing Legend: 66160 views
  5. Block Blast Master: 53004 views
  6. Grand Shift Auto: 51618 views
  7. Battle SWAT vs Mercenary Zombie Survival: 44752 views
  8. Bubble Shooter: Standart: 44254 views
  9. Openworld Racing  : 43026 views
  10. MR RACER - Car Racing: 40265 views

步骤 4/4: 构建项目
----------------------------------------

> playhivegames@1.0.0 build
> next build

  ▲ Next.js 14.2.35

   Creating an optimized production build ...
 ✓ Compiled successfully
   Linting and checking validity of types ...
   Collecting page data ...
   Generating static pages (0/2078) ...
   Generating static pages (519/2078) 
   Generating static pages (1038/2078) 
   Generating static pages (1558/2078) 
 ✓ Generating static pages (2078/2078)
   Finalizing page optimization ...
   Collecting build traces ...

Route (app)                                Size     First Load JS
┌ ○ /                                      1.24 kB         642 kB
├ ○ /_not-found                            185 B           173 kB
├ ○ /about                                 131 B           176 kB
├ ○ /category                              1.07 kB         642 kB
├ ● /category/[slug]                       295 B           176 kB
├   ├ /category/3d
├   ├ /category/action
├   ├ /category/adventure
├   └ [+19 more paths]
├ ○ /contact                               131 B           176 kB
├ ○ /cookie-policy                         131 B           176 kB
├ ○ /disclaimer                            131 B           176 kB
├ ○ /faq                                   131 B           176 kB
├ ○ /game                                  416 B           176 kB
├ ● /game/[slug]                           5.82 kB         647 kB
├   ├ /game/deadly-descent-3d
├   ├ /game/realdrive-feel-the-real-drive
├   ├ /game/crowdgate
├   └ [+2039 more paths]
├ ○ /play-free-games                       188 B           176 kB
├ ○ /privacy                               131 B           176 kB
└ ○ /terms                                 131 B           176 kB
+ First Load JS shared by all              173 kB
  └ chunks/vendors-880f9bc743aa189f.js     171 kB
  └ other shared chunks (total)            1.89 kB


○  (Static)  prerendered as static content
●  (SSG)     prerendered as static HTML (uses getStaticProps)


步骤 6: 部署到 Cloudflare Pages
----------------------------------------

 ⛅️ wrangler 4.94.0
───────────────────
[33m▲ [43;33m[[43;30mWARNING[43;33m][0m [1mPages now has wrangler.toml support.[0m

  We detected a configuration file at /home/zlh/playhivegames/wrangler.toml but it is missing the "pages_build_output_dir" field, required by Pages.
  If you would like to use this configuration file to deploy your project, please use "pages_build_output_dir" to specify the directory of static files to upload.
  Ignoring configuration file for now, and proceeding with project deploy.


[33m▲ [43;33m[[43;30mWARNING[43;33m][0m [1mWarning: Your working directory is a git repo and has uncommitted changes[0m

  To silence this warning, pass in --commit-dirty=true


Uploading... (40/4194)
Uploading... (679/4194)
Uploading... (1299/4194)
Uploading... (1935/4194)
Uploading... (2194/4194)
Uploading... (4194/4194)
✨ Success! Uploaded 4154 files (40 already uploaded) (16.68 sec)

✨ Uploading _headers
✨ Uploading _redirects
🌎 Deploying...
✨ Deployment complete! Take a peek over at https://8129892e.playhivegamesmain.pages.dev

========================================
更新完成!
完成时间: 2026-06-09 18:27:02
日志文件: /home/zlh/playhivegames/logs/update-20260609-182313.log
========================================
