========================================
PlayHive Games 自动更新
执行时间: 2026-05-31 12:08:32
========================================

步骤 1/3: 拉取游戏数据
----------------------------------------
============================================================
PlayHive Games 数据更新脚本
============================================================
执行时间: 2026-05-31 12:08:33

现有游戏数: 2003
开始拉取游戏数据...
拉取第 0 - 50 个游戏...
拉取第 50 - 100 个游戏...
拉取第 100 - 150 个游戏...
拉取第 150 - 200 个游戏...
拉取第 200 - 250 个游戏...
拉取第 250 - 300 个游戏...
拉取第 300 - 350 个游戏...
拉取第 350 - 400 个游戏...
拉取第 400 - 450 个游戏...
拉取第 450 - 500 个游戏...
拉取第 500 - 550 个游戏...
拉取第 550 - 600 个游戏...
拉取第 600 - 650 个游戏...
拉取第 650 - 700 个游戏...
拉取第 700 - 750 个游戏...
拉取第 750 - 800 个游戏...
拉取第 800 - 850 个游戏...
拉取第 850 - 900 个游戏...
拉取第 900 - 950 个游戏...
拉取第 950 - 1000 个游戏...
拉取第 1000 - 1050 个游戏...
拉取第 1050 - 1100 个游戏...
拉取第 1100 - 1150 个游戏...
拉取第 1150 - 1200 个游戏...
拉取第 1200 - 1250 个游戏...
拉取第 1250 - 1300 个游戏...
拉取第 1300 - 1350 个游戏...
拉取第 1350 - 1400 个游戏...
拉取第 1400 - 1450 个游戏...
拉取第 1450 - 1500 个游戏...
拉取第 1500 - 1550 个游戏...
拉取第 1550 - 1600 个游戏...
拉取第 1600 - 1650 个游戏...
拉取第 1650 - 1700 个游戏...
拉取第 1700 - 1750 个游戏...
拉取第 1750 - 1800 个游戏...
拉取第 1800 - 1850 个游戏...
拉取第 1850 - 1900 个游戏...
拉取第 1900 - 1950 个游戏...
拉取第 1950 - 2000 个游戏...
拉取第 2000 - 2050 个游戏...
拉取第 2050 - 2100 个游戏...
共拉取 2066 个游戏
合并后游戏数: 2066

检查并替换 playhop.com 链接...
发现 32 个 playhop.com 链接的游戏
从 API 拉取最新数据以获取 playgama.com 链接...
开始拉取游戏数据...
拉取第 0 - 50 个游戏...
拉取第 50 - 100 个游戏...
拉取第 100 - 150 个游戏...
拉取第 150 - 200 个游戏...
拉取第 200 - 250 个游戏...
拉取第 250 - 300 个游戏...
拉取第 300 - 350 个游戏...
拉取第 350 - 400 个游戏...
拉取第 400 - 450 个游戏...
拉取第 450 - 500 个游戏...
拉取第 500 - 550 个游戏...
拉取第 550 - 600 个游戏...
拉取第 600 - 650 个游戏...
拉取第 650 - 700 个游戏...
拉取第 700 - 750 个游戏...
拉取第 750 - 800 个游戏...
拉取第 800 - 850 个游戏...
拉取第 850 - 900 个游戏...
拉取第 900 - 950 个游戏...
拉取第 950 - 1000 个游戏...
拉取第 1000 - 1050 个游戏...
拉取第 1050 - 1100 个游戏...
拉取第 1100 - 1150 个游戏...
拉取第 1150 - 1200 个游戏...
拉取第 1200 - 1250 个游戏...
拉取第 1250 - 1300 个游戏...
拉取第 1300 - 1350 个游戏...
拉取第 1350 - 1400 个游戏...
拉取第 1400 - 1450 个游戏...
拉取第 1450 - 1500 个游戏...
拉取第 1500 - 1550 个游戏...
拉取第 1550 - 1600 个游戏...
拉取第 1600 - 1650 个游戏...
拉取第 1650 - 1700 个游戏...
拉取第 1700 - 1750 个游戏...
拉取第 1750 - 1800 个游戏...
拉取第 1800 - 1850 个游戏...
拉取第 1850 - 1900 个游戏...
拉取第 1900 - 1950 个游戏...
拉取第 1950 - 2000 个游戏...
拉取第 2000 - 2050 个游戏...
拉取第 2050 - 2100 个游戏...
共拉取 2066 个游戏
从 API 获取到 29 个 playgama.com 链接
  ✗ 删除: Nut Sort Game (无 playgama.com 链接)
  ✗ 删除: Bubble Story: 3D Shooter (无 playgama.com 链接)
  ✗ 删除: 3D Subway Run Skate Hooligans (无 playgama.com 链接)
  ✗ 删除: Bridge Builder 3D (无 playgama.com 链接)
  ✗ 删除: Driver Theft Auto  3D (无 playgama.com 链接)
  ✗ 删除: Hoby Tales (无 playgama.com 链接)
  ✗ 删除: NSR Street Racing 3D (无 playgama.com 链接)
  ✗ 删除: Draw Bridge: Brain Game 3D (无 playgama.com 链接)
  ✗ 删除: Build a plane and fly 3D (无 playgama.com 链接)
  ✗ 删除: Spider Hook 3D (无 playgama.com 链接)
  ✗ 删除: Wild Hunt: Find Animals 3D (无 playgama.com 链接)
  ✗ 删除: Police Man 3D (无 playgama.com 链接)
  ✗ 删除: Archer Ragdoll Masters 3D (无 playgama.com 链接)
  ✗ 删除: Ninja: Dark Force 3D (无 playgama.com 链接)
  ✗ 删除: Fortzone Battle Royale (无 playgama.com 链接)
  ✗ 删除: 3D Archers Random  (无 playgama.com 链接)
  ✗ 删除: Words of Wonders: Crossword Words from Letters (无 playgama.com 链接)
  ✗ 删除: Bubble Fall (无 playgama.com 链接)
  ✗ 删除:  Two Ball 3D: Dark (无 playgama.com 链接)
  ✗ 删除: Archers' Arena! (无 playgama.com 链接)
  ✗ 删除: Pool Club: 8 Ball Billiards (无 playgama.com 链接)
  ✗ 删除: Obby but You're on a Bike (无 playgama.com 链接)
  ✗ 删除: Cool Cars Highway (无 playgama.com 链接)
  ✗ 删除: Hazmob FPS (无 playgama.com 链接)
  ✗ 删除: Mini Bike Stunt Race (无 playgama.com 链接)
  ✗ 删除: Hill Climb Racing 2 (无 playgama.com 链接)
  ✗ 删除: Bubble Shooter: Standart (无 playgama.com 链接)
  ✗ 删除: Bubble Tower (无 playgama.com 链接)
  ✗ 删除: The Mystery of Jewels: Adventure - Match 3 (无 playgama.com 链接)
  ✗ 删除: Deadly Descent (无 playgama.com 链接)
  ✗ 删除: Driving in the Stream 3D (无 playgama.com 链接)
  ✗ 删除: Rope Puzzle Save Us! (无 playgama.com 链接)

替换结果:
  替换: 0 个游戏
  删除: 32 个游戏
替换后游戏数: 2034

检查游戏可访问性 (共 2034 个)...
  已检查 100/2034 个游戏...
  已检查 200/2034 个游戏...
  已检查 300/2034 个游戏...
  已检查 400/2034 个游戏...
  已检查 500/2034 个游戏...
  已检查 600/2034 个游戏...
  已检查 700/2034 个游戏...
  已检查 800/2034 个游戏...
  已检查 900/2034 个游戏...
  已检查 1000/2034 个游戏...
  已检查 1100/2034 个游戏...
  已检查 1200/2034 个游戏...
  已检查 1300/2034 个游戏...
  已检查 1400/2034 个游戏...
  已检查 1500/2034 个游戏...
  已检查 1600/2034 个游戏...
  已检查 1700/2034 个游戏...
  已检查 1800/2034 个游戏...
  已检查 1900/2034 个游戏...
  已检查 2000/2034 个游戏...

可访问性检查结果:
  ✓ 可访问: 2034 个游戏
  ✗ 不可访问: 0 个游戏
过滤后游戏数: 2034
分类数: 22
已保存 2034 个游戏到 /home/zlh/playhivegames/data/games.json

============================================================
更新完成统计:
  新增游戏: 63
  总游戏数: 2034
  分类数: 22

链接来源统计:
  playgama.com: 29
  playhop.com: 0
  其他: 2005

分类统计:
  3D: 96
  Action: 340
  Adventure: 91
  Arcade: 151
  Boys: 9
  Bubble Shooter: 3
  Clicker: 44
  Desktop: 956
  Driving: 149
  Fighting: 13
  Girls: 102
  HTML5: 3
  Hypercasual: 227
  Logic: 312
  Multiplayer: 69
  Puzzle: 251
  Racing: 68
  Shooting: 76
  Sports: 51
  Strategy: 47
  Stunt: 3

============================================================
脚本执行完成!
