========================================
PlayHive Games 自动更新
执行时间: 2026-06-11 12:00:02
========================================

步骤 1/4: 拉取游戏数据
----------------------------------------
============================================================
PlayHive Games 数据更新脚本
============================================================
执行时间: 2026-06-11 12:00:03

现有游戏数: 2034
开始拉取游戏数据...
拉取第 0 - 50 个游戏...
拉取第 50 - 100 个游戏...
拉取第 100 - 150 个游戏...
拉取第 150 - 200 个游戏...
拉取第 200 - 250 个游戏...
拉取第 250 - 300 个游戏...
拉取第 300 - 350 个游戏...
拉取第 350 - 400 个游戏...
拉取第 400 - 450 个游戏...
拉取第 450 - 500 个游戏...
拉取第 500 - 550 个游戏...
拉取第 550 - 600 个游戏...
拉取第 600 - 650 个游戏...
拉取第 650 - 700 个游戏...
拉取第 700 - 750 个游戏...
Error fetching batch at offset 700: 504 Server Error: Gateway Time-out for url: https://tubhai.com/includes/fetch.php
没有更多游戏数据
共拉取 700 个游戏
合并后游戏数: 700

替换 playhop.com 链接为 playgama.com...
发现 32 个 playhop.com 游戏
从 API 拉取最新数据...
开始拉取游戏数据...
拉取第 0 - 50 个游戏...
Error fetching batch at offset 0: 504 Server Error: Gateway Time-out for url: https://tubhai.com/includes/fetch.php
没有更多游戏数据
共拉取 0 个游戏
从 API 获取到 0 个 playgama.com 链接
  ✗ 删除: Nut Sort Game (无替代链接)
  ✗ 删除: Bubble Story: 3D Shooter (无替代链接)
  ✗ 删除: 3D Subway Run Skate Hooligans (无替代链接)
  ✗ 删除: Bridge Builder 3D (无替代链接)
  ✗ 删除: Driver Theft Auto  3D (无替代链接)
  ✗ 删除: Hoby Tales (无替代链接)
  ✗ 删除: NSR Street Racing 3D (无替代链接)
  ✗ 删除: Draw Bridge: Brain Game 3D (无替代链接)
  ✗ 删除: Build a plane and fly 3D (无替代链接)
  ✗ 删除: Spider Hook 3D (无替代链接)
  ✗ 删除: Wild Hunt: Find Animals 3D (无替代链接)
  ✗ 删除: Police Man 3D (无替代链接)
  ✗ 删除: Archer Ragdoll Masters 3D (无替代链接)
  ✗ 删除: Ninja: Dark Force 3D (无替代链接)
  ✗ 删除: Fortzone Battle Royale (无替代链接)
  ✗ 删除: 3D Archers Random  (无替代链接)
  ✗ 删除: Words of Wonders: Crossword Words from Letters (无替代链接)
  ✗ 删除: Bubble Fall (无替代链接)
  ✗ 删除:  Two Ball 3D: Dark (无替代链接)
  ✗ 删除: Archers' Arena! (无替代链接)
  ✗ 删除: Pool Club: 8 Ball Billiards (无替代链接)
  ✗ 删除: Obby but You're on a Bike (无替代链接)
  ✗ 删除: Cool Cars Highway (无替代链接)
  ✗ 删除: Hazmob FPS (无替代链接)
  ✗ 删除: Mini Bike Stunt Race (无替代链接)
  ✗ 删除: Hill Climb Racing 2 (无替代链接)
  ✗ 删除: Bubble Shooter: Standart (无替代链接)
  ✗ 删除: Bubble Tower (无替代链接)
  ✗ 删除: The Mystery of Jewels: Adventure - Match 3 (无替代链接)
  ✗ 删除: Deadly Descent (无替代链接)
  ✗ 删除: Driving in the Stream 3D (无替代链接)
  ✗ 删除: Rope Puzzle Save Us! (无替代链接)

结果: 替换 0 个, 删除 32 个
替换后游戏数: 668

检查游戏可访问性 (共 668 个)...
  已检查 100/668 个游戏...
  已检查 200/668 个游戏...
  已检查 300/668 个游戏...
  已检查 400/668 个游戏...
  已检查 500/668 个游戏...
  已检查 600/668 个游戏...

可访问性检查结果:
  ✓ 可访问: 668 个游戏
  ✗ 不可访问: 0 个游戏
过滤后游戏数: 668
分类数: 22
已保存 668 个游戏到 /home/zlh/playhivegames/data/games.json

============================================================
更新完成统计:
  新增游戏: -1334
  总游戏数: 668
  分类数: 22

链接来源统计:
  playgama.com: 29
  playhop.com: 0
  其他: 639

分类统计:
  3D: 67
  Action: 203
  Adventure: 25
  Arcade: 15
  Boys: 2
  Bubble Shooter: 3
  Desktop: 605
  Driving: 123
  Fighting: 1
  Girls: 25
  Logic: 165
  Multiplayer: 37
  Puzzle: 3
  Racing: 3
  Shooting: 2
  Sports: 21
  Strategy: 35
  Stunt: 3

============================================================
脚本执行完成!

步骤 2/4: 检查分类标签
----------------------------------------
============================================================
分类标签检查脚本
============================================================
执行时间: 2026-06-11 12:00:25

现有游戏数: 668

当前分类统计:
  ✓ desktop: 605 个游戏
  ✓ action: 203 个游戏
  ✓ logic: 165 个游戏
  ✓ driving: 123 个游戏
  ✓ 3d: 67 个游戏
  ✓ multiplayer: 37 个游戏
  ✓ strategy: 35 个游戏
  ✓ adventure: 25 个游戏
  ✓ girls: 25 个游戏
  ✓ sports: 21 个游戏
  ✓ arcade: 15 个游戏
  ⚠️ racing: 3 个游戏
  ⚠️ puzzle: 3 个游戏
  ⚠️ stunt: 3 个游戏
  ⚠️ bubble-shooter: 3 个游戏
  ⚠️ boys: 2 个游戏
  ⚠️ shooting: 2 个游戏
  ⚠️ fighting: 1 个游戏

⚠️ 空分类 (4):
  - archery
  - clicker
  - html5
  - hypercasual

⚠️ 游戏数较少的分类 (7):
  - boys: 2 个游戏
  - bubble-shooter: 3 个游戏
  - fighting: 1 个游戏
  - puzzle: 3 个游戏
  - racing: 3 个游戏
  - shooting: 2 个游戏
  - stunt: 3 个游戏

开始补充缺失分类的游戏...

拉取 archery 分类的游戏...
Error fetching: Expecting value: line 1 column 1 (char 0)

拉取 clicker 分类的游戏...
Error fetching: Expecting value: line 1 column 1 (char 0)

拉取 html5 分类的游戏...

拉取 hypercasual 分类的游戏...

拉取 boys 分类的游戏...
  新增: Police Man 3D

拉取 bubble-shooter 分类的游戏...
  新增: Bubble Story: 3D Shooter
  新增: Bubble Fall
  新增: Bubble Shooter: Standart
  新增: Bubble Tower

拉取 fighting 分类的游戏...

拉取 puzzle 分类的游戏...
  新增: Nut Sort Game
  新增: Bridge Builder 3D
  新增: Hoby Tales
  新增: Draw Bridge: Brain Game 3D
  新增: Words of Wonders: Crossword Words from Letters
  新增: Rope Puzzle Save Us!

拉取 racing 分类的游戏...
  新增: Cool Cars Highway
  新增: Hill Climb Racing 2
  新增: Deadly Descent
  新增: Driving in the Stream 3D

拉取 shooting 分类的游戏...
  新增: Wild Hunt: Find Animals 3D
  新增: Hazmob FPS

拉取 stunt 分类的游戏...
  新增: Mini Bike Stunt Race

共新增 18 个游戏

已保存 686 个游戏

============================================================
最终分类统计:
  ✓ 3D: 70
  ✓ Action: 204
  ✓ Adventure: 28
  ✓ Arcade: 19
  ❌ Archery: 0
  ⚠️ Boys: 3
  ✓ Bubble Shooter: 7
  ❌ Clicker: 0
  ✓ Desktop: 605
  ✓ Driving: 123
  ⚠️ Fighting: 1
  ✓ Girls: 25
  ❌ HTML5: 0
  ❌ Hypercasual: 0
  ✓ Logic: 165
  ✓ Multiplayer: 37
  ✓ Puzzle: 9
  ✓ Racing: 7
  ⚠️ Shooting: 4
  ✓ Sports: 21
  ✓ Strategy: 35
  ⚠️ Stunt: 4

============================================================
分类检查完成!

步骤 3/4: 生成 Sitemap
----------------------------------------
Generating sitemap for 686 games...
Main sitemap generated with 31 URLs
Saved to: /home/zlh/playhivegames/public/sitemap.xml
Generated sitemap-games-1.xml with 686 games (hot games first)

Generated sitemap index: /home/zlh/playhivegames/public/sitemap-index.xml
Sitemap index contains 1 chunk sitemaps

Hot games (views > 1000): 118
Top 10 games by views:
  1. Hill Climb Racing 2: 322793 views
  2. Cool Cars Highway: 193258 views
  3. Deadly Descent 3D: 153627 views
  4. RealDrive - Feel the real drive: 121504 views
  5. Nut Sort Game: 105075 views
  6. Wild Hunt: Find Animals 3D: 101887 views
  7. Hazmob FPS: 76594 views
  8. CrowdGate: 72144 views
  9. Draw Bridge: Brain Game 3D: 68911 views
  10. Bike Stunt Racing Legend: 66165 views

步骤 4/4: 构建项目
----------------------------------------

> playhivegames@1.0.0 build
> next build

  ▲ Next.js 14.2.35

   Creating an optimized production build ...
 ✓ Compiled successfully
   Linting and checking validity of types ...
   Collecting page data ...
   Generating static pages (0/723) ...
   Generating static pages (180/723) 
   Generating static pages (361/723) 
   Generating static pages (542/723) 
 ✓ Generating static pages (723/723)
   Finalizing page optimization ...
   Collecting build traces ...

Route (app)                             Size     First Load JS
┌ ○ /                                   1.24 kB         320 kB
├ ○ /_not-found                         185 B           173 kB
├ ○ /about                              131 B           176 kB
├ ○ /category                           1.07 kB         320 kB
├ ● /category/[slug]                    295 B           176 kB
├   ├ /category/3d
├   ├ /category/action
├   ├ /category/adventure
├   └ [+19 more paths]
├ ○ /contact                            131 B           176 kB
├ ○ /cookie-policy                      131 B           176 kB
├ ○ /disclaimer                         131 B           176 kB
├ ○ /faq                                131 B           176 kB
├ ○ /free-games                         131 B           176 kB
├ ○ /game                               416 B           176 kB
├ ● /game/[slug]                        5.82 kB         325 kB
├   ├ /game/hill-climb-racing-2
├   ├ /game/cool-cars-highway
├   ├ /game/deadly-descent-3d
├   └ [+683 more paths]
├ ○ /play-free-games                    131 B           176 kB
├ ○ /privacy                            131 B           176 kB
└ ○ /terms                              131 B           176 kB
+ First Load JS shared by all           173 kB
  └ chunks/vendors-8902f9d369a8d8ac.js  171 kB
  └ other shared chunks (total)         1.89 kB


○  (Static)  prerendered as static content
●  (SSG)     prerendered as static HTML (uses getStaticProps)


步骤 6: 部署到 Cloudflare Pages
----------------------------------------

 ⛅️ wrangler 4.94.0
───────────────────
[33m▲ [43;33m[[43;30mWARNING[43;33m][0m [1mPages now has wrangler.toml support.[0m

  We detected a configuration file at /home/zlh/playhivegames/wrangler.toml but it is missing the "pages_build_output_dir" field, required by Pages.
  If you would like to use this configuration file to deploy your project, please use "pages_build_output_dir" to specify the directory of static files to upload.
  Ignoring configuration file for now, and proceeding with project deploy.


[33m▲ [43;33m[[43;30mWARNING[43;33m][0m [1mWarning: Your working directory is a git repo and has uncommitted changes[0m

  To silence this warning, pass in --commit-dirty=true


Uploading... (40/1485)
Uploading... (521/1485)
Uploading... (1003/1485)
Uploading... (1485/1485)
✨ Success! Uploaded 1445 files (40 already uploaded) (8.12 sec)

✨ Uploading _headers
✨ Uploading _redirects
🌎 Deploying...
✨ Deployment complete! Take a peek over at https://eb3848e2.playhivegamesmain.pages.dev

========================================
更新完成!
完成时间: 2026-06-11 12:04:14
日志文件: /home/zlh/playhivegames/logs/update-20260611-120002.log
========================================
